<?xml version="1.0" encoding="UTF-8"?>
<testng-results ignored="0" total="1" passed="1" failed="0" skipped="0">
  <reporter-output>
  </reporter-output>
  <suite started-at="2023-02-08T18:06:50 IST" name="Suite" finished-at="2023-02-08T18:07:01 IST" duration-ms="11027">
    <groups>
    </groups>
    <test started-at="2023-02-08T18:06:50 IST" name="Test" finished-at="2023-02-08T18:07:01 IST" duration-ms="11027">
      <class name="demotest.Login">
        <test-method signature="logintest()[pri:0, instance:demotest.Login@393671df]" started-at="2023-02-08T18:06:50 IST" name="logintest" finished-at="2023-02-08T18:07:01 IST" duration-ms="10956" status="PASS">
          <reporter-output>
          </reporter-output>
        </test-method> <!-- logintest -->
      </class> <!-- demotest.Login -->
    </test> <!-- Test -->
  </suite> <!-- Suite -->
</testng-results>
